<?xml version="1.0" encoding="UTF-8"?>
<!-- Generated by org.testng.reporters.JUnitReportReporter -->
<testsuite skipped="0" hostname="DESKTOP-FSDFKPM" name="chapter02.hibernate.PersistenceTest" tests="2" failures="0" timestamp="2020-06-22T21:43:50 IST" time="0.490" errors="0">
  <testcase name="saveMessage" time="0.238" classname="chapter02.hibernate.PersistenceTest"/>
  <system-out/>
  <testcase name="readMessage" time="0.252" classname="chapter02.hibernate.PersistenceTest"/>
  <system-out/>
</testsuite> <!-- chapter02.hibernate.PersistenceTest -->
